\BOOKMARK [0][-]{chapter.1}{\376\377\000P\000o\000n\000g\000\040\000G\000a\000m\000e}{}% 1
\BOOKMARK [0][-]{chapter.2}{\376\377\000N\000a\000m\000e\000s\000p\000a\000c\000e\000\040\000I\000n\000d\000e\000x}{}% 2
\BOOKMARK [1][-]{section.2.1}{\376\377\000N\000a\000m\000e\000s\000p\000a\000c\000e\000\040\000L\000i\000s\000t}{chapter.2}% 3
\BOOKMARK [0][-]{chapter.3}{\376\377\000H\000i\000e\000r\000a\000r\000c\000h\000i\000c\000a\000l\000\040\000I\000n\000d\000e\000x}{}% 4
\BOOKMARK [1][-]{section.3.1}{\376\377\000C\000l\000a\000s\000s\000\040\000H\000i\000e\000r\000a\000r\000c\000h\000y}{chapter.3}% 5
\BOOKMARK [0][-]{chapter.4}{\376\377\000D\000a\000t\000a\000\040\000S\000t\000r\000u\000c\000t\000u\000r\000e\000\040\000I\000n\000d\000e\000x}{}% 6
\BOOKMARK [1][-]{section.4.1}{\376\377\000D\000a\000t\000a\000\040\000S\000t\000r\000u\000c\000t\000u\000r\000e\000s}{chapter.4}% 7
\BOOKMARK [0][-]{chapter.5}{\376\377\000F\000i\000l\000e\000\040\000I\000n\000d\000e\000x}{}% 8
\BOOKMARK [1][-]{section.5.1}{\376\377\000F\000i\000l\000e\000\040\000L\000i\000s\000t}{chapter.5}% 9
\BOOKMARK [0][-]{chapter.6}{\376\377\000N\000a\000m\000e\000s\000p\000a\000c\000e\000\040\000D\000o\000c\000u\000m\000e\000n\000t\000a\000t\000i\000o\000n}{}% 10
\BOOKMARK [1][-]{section.6.1}{\376\377\000P\000a\000c\000k\000a\000g\000e\000\040\000P\000i\000n\000g\000\137\000P\000o\000n\000g}{chapter.6}% 11
\BOOKMARK [0][-]{chapter.7}{\376\377\000D\000a\000t\000a\000\040\000S\000t\000r\000u\000c\000t\000u\000r\000e\000\040\000D\000o\000c\000u\000m\000e\000n\000t\000a\000t\000i\000o\000n}{}% 12
\BOOKMARK [1][-]{section.7.1}{\376\377\000P\000i\000n\000g\000\137\000P\000o\000n\000g\000.\000B\000a\000l\000l\000\040\000C\000l\000a\000s\000s\000\040\000R\000e\000f\000e\000r\000e\000n\000c\000e}{chapter.7}% 13
\BOOKMARK [2][-]{subsection.7.1.1}{\376\377\000D\000e\000t\000a\000i\000l\000e\000d\000\040\000D\000e\000s\000c\000r\000i\000p\000t\000i\000o\000n}{section.7.1}% 14
\BOOKMARK [2][-]{subsection.7.1.2}{\376\377\000F\000i\000e\000l\000d\000\040\000D\000o\000c\000u\000m\000e\000n\000t\000a\000t\000i\000o\000n}{section.7.1}% 15
\BOOKMARK [3][-]{subsubsection.7.1.2.1}{\376\377\000m\000\137\000D\000X}{subsection.7.1.2}% 16
\BOOKMARK [3][-]{subsubsection.7.1.2.2}{\376\377\000m\000\137\000D\000Y}{subsection.7.1.2}% 17
\BOOKMARK [2][-]{subsection.7.1.3}{\376\377\000P\000r\000o\000p\000e\000r\000t\000y\000\040\000D\000o\000c\000u\000m\000e\000n\000t\000a\000t\000i\000o\000n}{section.7.1}% 18
\BOOKMARK [3][-]{subsubsection.7.1.3.1}{\376\377\000D\000X}{subsection.7.1.3}% 19
\BOOKMARK [3][-]{subsubsection.7.1.3.2}{\376\377\000D\000Y}{subsection.7.1.3}% 20
\BOOKMARK [1][-]{section.7.2}{\376\377\000P\000i\000n\000g\000\137\000P\000o\000n\000g\000.\000G\000a\000m\000e\0001\000\040\000C\000l\000a\000s\000s\000\040\000R\000e\000f\000e\000r\000e\000n\000c\000e}{chapter.7}% 21
\BOOKMARK [2][-]{subsection.7.2.1}{\376\377\000D\000e\000t\000a\000i\000l\000e\000d\000\040\000D\000e\000s\000c\000r\000i\000p\000t\000i\000o\000n}{section.7.2}% 22
\BOOKMARK [2][-]{subsection.7.2.2}{\376\377\000C\000o\000n\000s\000t\000r\000u\000c\000t\000o\000r\000\040\000\046\000\040\000D\000e\000s\000t\000r\000u\000c\000t\000o\000r\000\040\000D\000o\000c\000u\000m\000e\000n\000t\000a\000t\000i\000o\000n}{section.7.2}% 23
\BOOKMARK [3][-]{subsubsection.7.2.2.1}{\376\377\000G\000a\000m\000e\0001}{subsection.7.2.2}% 24
\BOOKMARK [2][-]{subsection.7.2.3}{\376\377\000M\000e\000m\000b\000e\000r\000\040\000F\000u\000n\000c\000t\000i\000o\000n\000\040\000D\000o\000c\000u\000m\000e\000n\000t\000a\000t\000i\000o\000n}{section.7.2}% 25
\BOOKMARK [3][-]{subsubsection.7.2.3.1}{\376\377\000C\000o\000l\000l\000i\000s\000i\000o\000n\000O\000c\000c\000u\000r\000r\000e\000d}{subsection.7.2.3}% 26
\BOOKMARK [3][-]{subsubsection.7.2.3.2}{\376\377\000D\000r\000a\000w}{subsection.7.2.3}% 27
\BOOKMARK [3][-]{subsubsection.7.2.3.3}{\376\377\000D\000r\000a\000w\000S\000c\000o\000r\000e}{subsection.7.2.3}% 28
\BOOKMARK [3][-]{subsubsection.7.2.3.4}{\376\377\000I\000n\000i\000t\000G\000a\000m\000e\000O\000b\000j\000e\000c\000t\000s}{subsection.7.2.3}% 29
\BOOKMARK [3][-]{subsubsection.7.2.3.5}{\376\377\000I\000n\000i\000t\000i\000a\000l\000i\000z\000e}{subsection.7.2.3}% 30
\BOOKMARK [3][-]{subsubsection.7.2.3.6}{\376\377\000I\000n\000i\000t\000S\000c\000r\000e\000e\000n}{subsection.7.2.3}% 31
\BOOKMARK [3][-]{subsubsection.7.2.3.7}{\376\377\000L\000o\000a\000d\000C\000o\000n\000t\000e\000n\000t}{subsection.7.2.3}% 32
\BOOKMARK [3][-]{subsubsection.7.2.3.8}{\376\377\000L\000o\000a\000d\000G\000a\000m\000e\000G\000r\000a\000p\000h\000i\000c\000s}{subsection.7.2.3}% 33
\BOOKMARK [3][-]{subsubsection.7.2.3.9}{\376\377\000M\000o\000v\000e\000B\000a\000l\000l}{subsection.7.2.3}% 34
\BOOKMARK [3][-]{subsubsection.7.2.3.10}{\376\377\000M\000o\000v\000e\000P\000a\000d\000d\000l\000e\000s}{subsection.7.2.3}% 35
\BOOKMARK [3][-]{subsubsection.7.2.3.11}{\376\377\000R\000e\000n\000d\000e\000r}{subsection.7.2.3}% 36
\BOOKMARK [3][-]{subsubsection.7.2.3.12}{\376\377\000R\000e\000s\000e\000t\000G\000a\000m\000e}{subsection.7.2.3}% 37
\BOOKMARK [3][-]{subsubsection.7.2.3.13}{\376\377\000U\000n\000l\000o\000a\000d\000C\000o\000n\000t\000e\000n\000t}{subsection.7.2.3}% 38
\BOOKMARK [3][-]{subsubsection.7.2.3.14}{\376\377\000U\000p\000d\000a\000t\000e}{subsection.7.2.3}% 39
\BOOKMARK [2][-]{subsection.7.2.4}{\376\377\000F\000i\000e\000l\000d\000\040\000D\000o\000c\000u\000m\000e\000n\000t\000a\000t\000i\000o\000n}{section.7.2}% 40
\BOOKMARK [3][-]{subsubsection.7.2.4.1}{\376\377\000b\000a\000c\000k\000g\000r\000o\000u\000n\000d}{subsection.7.2.4}% 41
\BOOKMARK [3][-]{subsubsection.7.2.4.2}{\376\377\000b\000a\000c\000k\000g\000r\000o\000u\000n\000d\000M\000u\000s\000i\000c}{subsection.7.2.4}% 42
\BOOKMARK [3][-]{subsubsection.7.2.4.3}{\376\377\000b\000e\000e\000p}{subsection.7.2.4}% 43
\BOOKMARK [3][-]{subsubsection.7.2.4.4}{\376\377\000g\000r\000a\000p\000h\000i\000c\000s}{subsection.7.2.4}% 44
\BOOKMARK [3][-]{subsubsection.7.2.4.5}{\376\377\000m\000\137\000b\000a\000l\000l}{subsection.7.2.4}% 45
\BOOKMARK [3][-]{subsubsection.7.2.4.6}{\376\377\000m\000\137\000p\000a\000d\000d\000l\000e\0001}{subsection.7.2.4}% 46
\BOOKMARK [3][-]{subsubsection.7.2.4.7}{\376\377\000m\000\137\000p\000a\000d\000d\000l\000e\0002}{subsection.7.2.4}% 47
\BOOKMARK [3][-]{subsubsection.7.2.4.8}{\376\377\000m\000\137\000S\000c\000o\000r\000e\0001}{subsection.7.2.4}% 48
\BOOKMARK [3][-]{subsubsection.7.2.4.9}{\376\377\000m\000\137\000S\000c\000o\000r\000e\0002}{subsection.7.2.4}% 49
\BOOKMARK [3][-]{subsubsection.7.2.4.10}{\376\377\000m\000\137\000S\000c\000o\000r\000e\000R\000e\000c\000t}{subsection.7.2.4}% 50
\BOOKMARK [3][-]{subsubsection.7.2.4.11}{\376\377\000m\000\137\000t\000e\000x\000t\000u\000r\000e\000B\000a\000l\000l}{subsection.7.2.4}% 51
\BOOKMARK [3][-]{subsubsection.7.2.4.12}{\376\377\000m\000\137\000t\000e\000x\000t\000u\000r\000e\000N\000u\000m\000b\000e\000r\000s}{subsection.7.2.4}% 52
\BOOKMARK [3][-]{subsubsection.7.2.4.13}{\376\377\000m\000\137\000t\000e\000x\000t\000u\000r\000e\000P\000a\000d\000d\000l\000e}{subsection.7.2.4}% 53
\BOOKMARK [3][-]{subsubsection.7.2.4.14}{\376\377\000n\000a\000m\000e\000F\000o\000n\000t}{subsection.7.2.4}% 54
\BOOKMARK [3][-]{subsubsection.7.2.4.15}{\376\377\000o\000l\000d\000S\000t\000a\000t\000e}{subsection.7.2.4}% 55
\BOOKMARK [3][-]{subsubsection.7.2.4.16}{\376\377\000P\000A\000D\000D\000L\000E\000\137\000S\000T\000R\000I\000D\000E}{subsection.7.2.4}% 56
\BOOKMARK [3][-]{subsubsection.7.2.4.17}{\376\377\000p\000a\000u\000s\000e\000d}{subsection.7.2.4}% 57
\BOOKMARK [3][-]{subsubsection.7.2.4.18}{\376\377\000p\000a\000u\000s\000e\000O\000v\000e\000r\000l\000a\000y}{subsection.7.2.4}% 58
\BOOKMARK [3][-]{subsubsection.7.2.4.19}{\376\377\000s\000c\000o\000r\000e\000F\000o\000n\000t}{subsection.7.2.4}% 59
\BOOKMARK [3][-]{subsubsection.7.2.4.20}{\376\377\000S\000C\000R\000E\000E\000N\000\137\000H\000E\000I\000G\000H\000T}{subsection.7.2.4}% 60
\BOOKMARK [3][-]{subsubsection.7.2.4.21}{\376\377\000S\000C\000R\000E\000E\000N\000\137\000W\000I\000D\000T\000H}{subsection.7.2.4}% 61
\BOOKMARK [3][-]{subsubsection.7.2.4.22}{\376\377\000s\000p\000r\000i\000t\000e\000B\000a\000t\000c\000h}{subsection.7.2.4}% 62
\BOOKMARK [1][-]{section.7.3}{\376\377\000P\000i\000n\000g\000\137\000P\000o\000n\000g\000.\000G\000a\000m\000e\000O\000b\000j\000e\000c\000t\000\040\000C\000l\000a\000s\000s\000\040\000R\000e\000f\000e\000r\000e\000n\000c\000e}{chapter.7}% 63
\BOOKMARK [2][-]{subsection.7.3.1}{\376\377\000D\000e\000t\000a\000i\000l\000e\000d\000\040\000D\000e\000s\000c\000r\000i\000p\000t\000i\000o\000n}{section.7.3}% 64
\BOOKMARK [2][-]{subsection.7.3.2}{\376\377\000F\000i\000e\000l\000d\000\040\000D\000o\000c\000u\000m\000e\000n\000t\000a\000t\000i\000o\000n}{section.7.3}% 65
\BOOKMARK [3][-]{subsubsection.7.3.2.1}{\376\377\000m\000\137\000H\000e\000i\000g\000h\000t}{subsection.7.3.2}% 66
\BOOKMARK [3][-]{subsubsection.7.3.2.2}{\376\377\000m\000\137\000V\000i\000s\000u\000a\000l}{subsection.7.3.2}% 67
\BOOKMARK [3][-]{subsubsection.7.3.2.3}{\376\377\000m\000\137\000W\000i\000d\000t\000h}{subsection.7.3.2}% 68
\BOOKMARK [3][-]{subsubsection.7.3.2.4}{\376\377\000m\000\137\000X}{subsection.7.3.2}% 69
\BOOKMARK [3][-]{subsubsection.7.3.2.5}{\376\377\000m\000\137\000Y}{subsection.7.3.2}% 70
\BOOKMARK [2][-]{subsection.7.3.3}{\376\377\000P\000r\000o\000p\000e\000r\000t\000y\000\040\000D\000o\000c\000u\000m\000e\000n\000t\000a\000t\000i\000o\000n}{section.7.3}% 71
\BOOKMARK [3][-]{subsubsection.7.3.3.1}{\376\377\000H\000e\000i\000g\000h\000t}{subsection.7.3.3}% 72
\BOOKMARK [3][-]{subsubsection.7.3.3.2}{\376\377\000R\000e\000c\000t}{subsection.7.3.3}% 73
\BOOKMARK [3][-]{subsubsection.7.3.3.3}{\376\377\000V\000i\000s\000u\000a\000l}{subsection.7.3.3}% 74
\BOOKMARK [3][-]{subsubsection.7.3.3.4}{\376\377\000W\000i\000d\000t\000h}{subsection.7.3.3}% 75
\BOOKMARK [3][-]{subsubsection.7.3.3.5}{\376\377\000X}{subsection.7.3.3}% 76
\BOOKMARK [3][-]{subsubsection.7.3.3.6}{\376\377\000Y}{subsection.7.3.3}% 77
\BOOKMARK [1][-]{section.7.4}{\376\377\000P\000i\000n\000g\000\137\000P\000o\000n\000g\000.\000P\000a\000d\000d\000l\000e\000\040\000C\000l\000a\000s\000s\000\040\000R\000e\000f\000e\000r\000e\000n\000c\000e}{chapter.7}% 78
\BOOKMARK [2][-]{subsection.7.4.1}{\376\377\000D\000e\000t\000a\000i\000l\000e\000d\000\040\000D\000e\000s\000c\000r\000i\000p\000t\000i\000o\000n}{section.7.4}% 79
\BOOKMARK [1][-]{section.7.5}{\376\377\000P\000i\000n\000g\000\137\000P\000o\000n\000g\000.\000P\000r\000o\000g\000r\000a\000m\000\040\000C\000l\000a\000s\000s\000\040\000R\000e\000f\000e\000r\000e\000n\000c\000e}{chapter.7}% 80
\BOOKMARK [2][-]{subsection.7.5.1}{\376\377\000D\000e\000t\000a\000i\000l\000e\000d\000\040\000D\000e\000s\000c\000r\000i\000p\000t\000i\000o\000n}{section.7.5}% 81
\BOOKMARK [2][-]{subsection.7.5.2}{\376\377\000M\000e\000m\000b\000e\000r\000\040\000F\000u\000n\000c\000t\000i\000o\000n\000\040\000D\000o\000c\000u\000m\000e\000n\000t\000a\000t\000i\000o\000n}{section.7.5}% 82
\BOOKMARK [3][-]{subsubsection.7.5.2.1}{\376\377\000M\000a\000i\000n}{subsection.7.5.2}% 83
\BOOKMARK [0][-]{chapter.8}{\376\377\000F\000i\000l\000e\000\040\000D\000o\000c\000u\000m\000e\000n\000t\000a\000t\000i\000o\000n}{}% 84
\BOOKMARK [1][-]{section.8.1}{\376\377\000P\000o\000n\000g\000\040\000B\000a\000s\000e\000/\000B\000a\000l\000l\000.\000c\000s\000\040\000F\000i\000l\000e\000\040\000R\000e\000f\000e\000r\000e\000n\000c\000e}{chapter.8}% 85
\BOOKMARK [1][-]{section.8.2}{\376\377\000P\000o\000n\000g\000\040\000B\000a\000s\000e\000/\000G\000a\000m\000e\0001\000.\000c\000s\000\040\000F\000i\000l\000e\000\040\000R\000e\000f\000e\000r\000e\000n\000c\000e}{chapter.8}% 86
\BOOKMARK [1][-]{section.8.3}{\376\377\000P\000o\000n\000g\000\040\000B\000a\000s\000e\000/\000G\000a\000m\000e\000O\000b\000j\000e\000c\000t\000.\000c\000s\000\040\000F\000i\000l\000e\000\040\000R\000e\000f\000e\000r\000e\000n\000c\000e}{chapter.8}% 87
\BOOKMARK [1][-]{section.8.4}{\376\377\000P\000o\000n\000g\000\040\000B\000a\000s\000e\000/\000o\000b\000j\000/\000x\0008\0006\000/\000D\000e\000b\000u\000g\000/\000P\000o\000n\000g\000\040\000B\000a\000s\000e\000.\000c\000s\000p\000r\000o\000j\000.\000F\000i\000l\000e\000L\000i\000s\000t\000A\000b\000s\000o\000l\000u\000t\000e\000.\000t\000x\000t\000\040\000F\000i\000l\000e\000\040\000R\000e\000f\000e\000r\000e\000n\000c\000e}{chapter.8}% 88
\BOOKMARK [1][-]{section.8.5}{\376\377\000P\000o\000n\000g\000\040\000B\000a\000s\000e\000/\000o\000b\000j\000/\000x\0008\0006\000/\000R\000e\000l\000e\000a\000s\000e\000/\000P\000o\000n\000g\000\040\000B\000a\000s\000e\000.\000c\000s\000p\000r\000o\000j\000.\000F\000i\000l\000e\000L\000i\000s\000t\000A\000b\000s\000o\000l\000u\000t\000e\000.\000t\000x\000t\000\040\000F\000i\000l\000e\000\040\000R\000e\000f\000e\000r\000e\000n\000c\000e}{chapter.8}% 89
\BOOKMARK [1][-]{section.8.6}{\376\377\000P\000o\000n\000g\000\040\000B\000a\000s\000e\000/\000o\000b\000j\000/\000x\0008\0006\000/\000D\000e\000b\000u\000g\000/\000T\000e\000m\000p\000o\000r\000a\000r\000y\000G\000e\000n\000e\000r\000a\000t\000e\000d\000F\000i\000l\000e\000\137\0000\0003\0006\000C\0000\000B\0005\000B\000-\0001\0004\0008\0001\000-\0004\0003\0002\0003\000-\0008\000D\0002\0000\000-\0008\000F\0005\000A\000D\000C\000B\0002\0003\000D\0009\0002\000.\000c\000s\000\040\000F\000i\000l\000e\000\040\000R\000e\000f\000e\000r\000e\000n\000c\000e}{chapter.8}% 90
\BOOKMARK [1][-]{section.8.7}{\376\377\000P\000o\000n\000g\000\040\000B\000a\000s\000e\000/\000o\000b\000j\000/\000x\0008\0006\000/\000R\000e\000l\000e\000a\000s\000e\000/\000T\000e\000m\000p\000o\000r\000a\000r\000y\000G\000e\000n\000e\000r\000a\000t\000e\000d\000F\000i\000l\000e\000\137\0000\0003\0006\000C\0000\000B\0005\000B\000-\0001\0004\0008\0001\000-\0004\0003\0002\0003\000-\0008\000D\0002\0000\000-\0008\000F\0005\000A\000D\000C\000B\0002\0003\000D\0009\0002\000.\000c\000s\000\040\000F\000i\000l\000e\000\040\000R\000e\000f\000e\000r\000e\000n\000c\000e}{chapter.8}% 91
\BOOKMARK [1][-]{section.8.8}{\376\377\000P\000o\000n\000g\000\040\000B\000a\000s\000e\000/\000o\000b\000j\000/\000x\0008\0006\000/\000D\000e\000b\000u\000g\000/\000T\000e\000m\000p\000o\000r\000a\000r\000y\000G\000e\000n\000e\000r\000a\000t\000e\000d\000F\000i\000l\000e\000\137\0005\0009\0003\0007\000a\0006\0007\0000\000-\0000\000e\0006\0000\000-\0004\0000\0007\0007\000-\0008\0007\0007\000b\000-\000f\0007\0002\0002\0001\000d\000a\0003\000d\000d\000a\0001\000.\000c\000s\000\040\000F\000i\000l\000e\000\040\000R\000e\000f\000e\000r\000e\000n\000c\000e}{chapter.8}% 92
\BOOKMARK [1][-]{section.8.9}{\376\377\000P\000o\000n\000g\000\040\000B\000a\000s\000e\000/\000o\000b\000j\000/\000x\0008\0006\000/\000R\000e\000l\000e\000a\000s\000e\000/\000T\000e\000m\000p\000o\000r\000a\000r\000y\000G\000e\000n\000e\000r\000a\000t\000e\000d\000F\000i\000l\000e\000\137\0005\0009\0003\0007\000a\0006\0007\0000\000-\0000\000e\0006\0000\000-\0004\0000\0007\0007\000-\0008\0007\0007\000b\000-\000f\0007\0002\0002\0001\000d\000a\0003\000d\000d\000a\0001\000.\000c\000s\000\040\000F\000i\000l\000e\000\040\000R\000e\000f\000e\000r\000e\000n\000c\000e}{chapter.8}% 93
\BOOKMARK [1][-]{section.8.10}{\376\377\000P\000o\000n\000g\000\040\000B\000a\000s\000e\000/\000o\000b\000j\000/\000x\0008\0006\000/\000D\000e\000b\000u\000g\000/\000T\000e\000m\000p\000o\000r\000a\000r\000y\000G\000e\000n\000e\000r\000a\000t\000e\000d\000F\000i\000l\000e\000\137\000E\0007\000A\0007\0001\000F\0007\0003\000-\0000\000F\0008\000D\000-\0004\000B\0009\000B\000-\000B\0005\0006\000E\000-\0008\000E\0007\0000\000B\0001\0000\000B\000C\0005\000D\0003\000.\000c\000s\000\040\000F\000i\000l\000e\000\040\000R\000e\000f\000e\000r\000e\000n\000c\000e}{chapter.8}% 94
\BOOKMARK [1][-]{section.8.11}{\376\377\000P\000o\000n\000g\000\040\000B\000a\000s\000e\000/\000o\000b\000j\000/\000x\0008\0006\000/\000R\000e\000l\000e\000a\000s\000e\000/\000T\000e\000m\000p\000o\000r\000a\000r\000y\000G\000e\000n\000e\000r\000a\000t\000e\000d\000F\000i\000l\000e\000\137\000E\0007\000A\0007\0001\000F\0007\0003\000-\0000\000F\0008\000D\000-\0004\000B\0009\000B\000-\000B\0005\0006\000E\000-\0008\000E\0007\0000\000B\0001\0000\000B\000C\0005\000D\0003\000.\000c\000s\000\040\000F\000i\000l\000e\000\040\000R\000e\000f\000e\000r\000e\000n\000c\000e}{chapter.8}% 95
\BOOKMARK [1][-]{section.8.12}{\376\377\000P\000o\000n\000g\000\040\000B\000a\000s\000e\000/\000P\000a\000d\000d\000l\000e\000.\000c\000s\000\040\000F\000i\000l\000e\000\040\000R\000e\000f\000e\000r\000e\000n\000c\000e}{chapter.8}% 96
\BOOKMARK [1][-]{section.8.13}{\376\377\000P\000o\000n\000g\000\040\000B\000a\000s\000e\000/\000P\000r\000o\000g\000r\000a\000m\000.\000c\000s\000\040\000F\000i\000l\000e\000\040\000R\000e\000f\000e\000r\000e\000n\000c\000e}{chapter.8}% 97
\BOOKMARK [1][-]{section.8.14}{\376\377\000P\000o\000n\000g\000\040\000B\000a\000s\000e\000/\000P\000r\000o\000p\000e\000r\000t\000i\000e\000s\000/\000A\000s\000s\000e\000m\000b\000l\000y\000I\000n\000f\000o\000.\000c\000s\000\040\000F\000i\000l\000e\000\040\000R\000e\000f\000e\000r\000e\000n\000c\000e}{chapter.8}% 98
\BOOKMARK [1][-]{section.8.15}{\376\377\000R\000E\000A\000D\000M\000E\000.\000m\000d\000\040\000F\000i\000l\000e\000\040\000R\000e\000f\000e\000r\000e\000n\000c\000e}{chapter.8}% 99
